
9월 26, 2019 09:40:48.00 NEW SESSION
9월 26, 2019 09:40:48.00 
9월 26, 2019 09:40:48.01 KLIB_SelfTest return : KLR_OK
9월 26, 2019 11:28:02.51 [13400:8908:0926/112802.514:ERROR:connection_factory_impl.cc(418)] Failed to connect to MCS endpoint with error -105

10월 17, 2019 24:06:01.40 NEW SESSION
10월 17, 2019 24:06:01.40 
10월 17, 2019 24:06:01.41 KLIB_SelfTest return : KLR_OK
10월 17, 2019 24:06:10.41 
10월 17, 2019 24:06:10.41 KLIB_SelfTest return : KLR_OK

11월 26, 2019 23:50:57.95 NEW SESSION
11월 26, 2019 23:50:57.95 [5540:2288:1126/235057.949:ERROR:account_tracker.cc(241)] AccessTokenFetched error: Invalid credentials (credentials rejected by client).
11월 27, 2019 24:12:24.64 
11월 27, 2019 24:12:24.65 KLIB_SelfTest return : KLR_OK

11월 27, 2019 11:35:22.53 NEW SESSION
11월 27, 2019 11:35:22.53 [9132:12236:1127/113522.528:ERROR:account_tracker.cc(241)] AccessTokenFetched error: Invalid credentials (credentials rejected by client).

12월 16, 2019 19:22:01.97 NEW SESSION
12월 16, 2019 19:22:01.97 [21404:27700:1216/192201.945:ERROR:account_tracker.cc(241)] AccessTokenFetched error: Invalid credentials (credentials rejected by client).

12월 18, 2019 21:48:15.29 NEW SESSION
12월 18, 2019 21:48:15.29 [1218/214815.293:ERROR:settings.cc(320)] Settings magic is not 1129342067
12월 18, 2019 21:48:16.69 [12384:7524:1218/214816.695:ERROR:persistent_memory_allocator.cc(844)] Corruption detected in shared-memory segment.
12월 18, 2019 21:48:19.09 [12384:7524:1218/214819.098:ERROR:account_tracker.cc(241)] AccessTokenFetched error: Invalid credentials (credentials rejected by client).

12월 23, 2019 24:09:08.18 NEW SESSION
12월 23, 2019 24:09:08.18 [16852:16776:1223/000908.185:ERROR:account_tracker.cc(241)] AccessTokenFetched error: Invalid credentials (credentials rejected by client).

12월 23, 2019 20:25:33.44 NEW SESSION
12월 23, 2019 20:25:33.44 [15684:3416:1223/202533.444:ERROR:account_tracker.cc(241)] AccessTokenFetched error: Invalid credentials (credentials rejected by client).
12월 23, 2019 20:29:48.42 
12월 23, 2019 20:29:48.42 KLIB_SelfTest return : KLR_OK
12월 23, 2019 20:29:52.31 [17032:17540:1223/202952.314:ERROR:account_tracker.cc(241)] AccessTokenFetched error: Invalid credentials (credentials rejected by client).
12월 23, 2019 20:30:27.51 
12월 23, 2019 20:30:27.52 KLIB_SelfTest return : KLR_OK

12월 23, 2019 21:07:20.78 NEW SESSION
12월 23, 2019 21:07:20.78 [18876:5052:1223/210720.782:ERROR:account_tracker.cc(241)] AccessTokenFetched error: Invalid credentials (credentials rejected by client).
12월 23, 2019 21:26:23.01 
12월 23, 2019 21:26:23.01 KLIB_SelfTest return : KLR_OK
12월 23, 2019 21:27:08.79 [15068:15924:1223/212708.789:ERROR:account_tracker.cc(241)] AccessTokenFetched error: Invalid credentials (credentials rejected by client).
12월 23, 2019 21:27:19.76 
12월 23, 2019 21:27:19.77 KLIB_SelfTest return : KLR_OK
12월 23, 2019 21:27:52.67 [20964:19756:1223/212752.678:ERROR:account_tracker.cc(241)] AccessTokenFetched error: Invalid credentials (credentials rejected by client).
12월 23, 2019 21:31:34.66 
12월 23, 2019 21:31:34.67 KLIB_SelfTest return : KLR_OK
12월 23, 2019 21:31:45.13 [10908:21000:1223/213145.131:ERROR:account_tracker.cc(241)] AccessTokenFetched error: Invalid credentials (credentials rejected by client).
12월 23, 2019 21:45:24.89 
12월 23, 2019 21:45:24.91 KLIB_SelfTest return : KLR_OK
